[debug] [2024-04-03T05:20:59.787Z] ----------------------------------------------------------------------
[debug] [2024-04-03T05:20:59.791Z] Command:       C:\Program Files\nodejs\node.exe C:\Users\agita\AppData\Roaming\npm\node_modules\firebase-tools\lib\bin\firebase.js init
[debug] [2024-04-03T05:20:59.792Z] CLI Version:   13.6.1
[debug] [2024-04-03T05:20:59.793Z] Platform:      win32
[debug] [2024-04-03T05:20:59.793Z] Node Version:  v18.16.1
[debug] [2024-04-03T05:20:59.795Z] Time:          Wed Apr 03 2024 08:20:59 GMT+0300 (East Africa Time)
[debug] [2024-04-03T05:20:59.795Z] ----------------------------------------------------------------------
[debug] 
[debug] [2024-04-03T05:20:59.808Z] > command requires scopes: ["email","openid","https://www.googleapis.com/auth/cloudplatformprojects.readonly","https://www.googleapis.com/auth/firebase","https://www.googleapis.com/auth/cloud-platform"]
[debug] [2024-04-03T05:20:59.809Z] > authorizing via signed-in user (agitari65@gmail.com)
[info] 
     ######## #### ########  ######## ########     ###     ######  ########
     ##        ##  ##     ## ##       ##     ##  ##   ##  ##       ##
     ######    ##  ########  ######   ########  #########  ######  ######
     ##        ##  ##    ##  ##       ##     ## ##     ##       ## ##
     ##       #### ##     ## ######## ########  ##     ##  ######  ########

You're about to initialize a Firebase project in this directory:

  F:\Shopify Variants\shopify_variants

[info] 
=== Project Setup
[info] 
[info] First, let's associate this project directory with a Firebase project.
[info] You can create multiple project aliases by running firebase use --add, 
[info] but for now we'll just set up a default project.
[info] 
[debug] [2024-04-03T05:21:51.098Z] >>> [apiv2][query] GET https://firebase.googleapis.com/v1beta1/projects pageSize=100
[debug] [2024-04-03T05:21:52.399Z] <<< [apiv2][status] GET https://firebase.googleapis.com/v1beta1/projects 200
[debug] [2024-04-03T05:21:52.400Z] <<< [apiv2][body] GET https://firebase.googleapis.com/v1beta1/projects [omitted]
[info] i  Using project the-plan-2465a (The Plan) 
[info] 
=== Hosting Setup
[debug] [2024-04-03T05:22:10.568Z] >>> [apiv2][query] GET https://firebase.googleapis.com/v1beta1/projects/the-plan-2465a [none]
[debug] [2024-04-03T05:22:11.369Z] <<< [apiv2][status] GET https://firebase.googleapis.com/v1beta1/projects/the-plan-2465a 200
[debug] [2024-04-03T05:22:11.370Z] <<< [apiv2][body] GET https://firebase.googleapis.com/v1beta1/projects/the-plan-2465a {"projectId":"the-plan-2465a","projectNumber":"84793430032","displayName":"The Plan","name":"projects/the-plan-2465a","resources":{"hostingSite":"the-plan-2465a","realtimeDatabaseInstance":"the-plan-2465a-default-rtdb"},"state":"ACTIVE","etag":"1_9a8bff4b-5b55-4dda-8666-1e0b962cc253"}
[info] 
[info] Your public directory is the folder (relative to your project directory) that
[info] will contain Hosting assets to be uploaded with firebase deploy. If you
[info] have a build process for your assets, use your build's output directory.
[info] 
[debug] [2024-04-03T05:23:16.041Z] >>> [apiv2][query] GET https://www.gstatic.com/firebasejs/releases.json [none]
[debug] [2024-04-03T05:23:16.559Z] <<< [apiv2][status] GET https://www.gstatic.com/firebasejs/releases.json 200
[debug] [2024-04-03T05:23:16.559Z] <<< [apiv2][body] GET https://www.gstatic.com/firebasejs/releases.json {"current":{"version":"10.10.0","browserURL":"https://www.gstatic.com/firebasejs/10.10.0/firebase.js","packageURL":"https://www.gstatic.com/firebasejs/10.10.0/firebase.tgz"},"live":{"version":"10.10","browserURL":"https://www.gstatic.com/firebasejs/live/10.10/firebase.js","packageURL":"https://www.gstatic.com/firebasejs/live/10.10/firebase.tgz"},"components":{"analytics":"https://www.gstatic.com/firebasejs/10.10.0/firebase-analytics.js","app":"https://www.gstatic.com/firebasejs/10.10.0/firebase-app.js","app-check":"https://www.gstatic.com/firebasejs/10.10.0/firebase-app-check.js","auth":"https://www.gstatic.com/firebasejs/10.10.0/firebase-auth.js","auth/cordova":"https://www.gstatic.com/firebasejs/10.10.0/firebase-auth/cordova.js","auth/web-extension":"https://www.gstatic.com/firebasejs/10.10.0/firebase-auth/web-extension.js","functions":"https://www.gstatic.com/firebasejs/10.10.0/firebase-functions.js","firestore":"https://www.gstatic.com/firebasejs/10.10.0/firebase-firestore.js","firestore/lite":"https://www.gstatic.com/firebasejs/10.10.0/firebase-firestore/lite.js","installations":"https://www.gstatic.com/firebasejs/10.10.0/firebase-installations.js","storage":"https://www.gstatic.com/firebasejs/10.10.0/firebase-storage.js","performance":"https://www.gstatic.com/firebasejs/10.10.0/firebase-performance.js","remote-config":"https://www.gstatic.com/firebasejs/10.10.0/firebase-remote-config.js","messaging":"https://www.gstatic.com/firebasejs/10.10.0/firebase-messaging.js","messaging/sw":"https://www.gstatic.com/firebasejs/10.10.0/firebase-messaging/sw.js","database":"https://www.gstatic.com/firebasejs/10.10.0/firebase-database.js","firestore.memory":"https://www.gstatic.com/firebasejs/10.10.0/firebase-firestore.memory.js"}}
[debug] [2024-04-03T05:23:17.340Z] Error: ENOENT: no such file or directory, mkdir 'F:\Shopify Variants\shopify_variants\SHOPIFY VARIANTS	'
    at Object.mkdirSync (node:fs:1396:3)
    at module.exports.makeDirSync (C:\Users\agita\AppData\Roaming\npm\node_modules\firebase-tools\node_modules\fs-extra\lib\mkdirs\make-dir.js:23:13)
    at Object.createFileSync (C:\Users\agita\AppData\Roaming\npm\node_modules\firebase-tools\node_modules\fs-extra\lib\ensure\file.js:59:45)
    at Config.writeProjectFile (C:\Users\agita\AppData\Roaming\npm\node_modules\firebase-tools\lib\config.js:154:12)
    at C:\Users\agita\AppData\Roaming\npm\node_modules\firebase-tools\lib\config.js:178:22
    at process.processTicksAndRejections (node:internal/process/task_queues:95:5)
    at async doSetup (C:\Users\agita\AppData\Roaming\npm\node_modules\firebase-tools\lib\init\features\hosting\index.js:177:9)
    at async init (C:\Users\agita\AppData\Roaming\npm\node_modules\firebase-tools\lib\init\index.js:37:9)
[error] 
[error] Error: An unexpected error has occurred.
